TN:
SF:admin.js
FN:53,(anonymous_0)
FN:54,(anonymous_1)
FN:58,(anonymous_2)
FN:121,(anonymous_3)
FN:130,(anonymous_4)
FN:134,(anonymous_5)
FN:173,(anonymous_6)
FN:184,(anonymous_7)
FN:188,(anonymous_8)
FN:217,(anonymous_9)
FN:218,(anonymous_10)
FN:221,(anonymous_11)
FN:235,(anonymous_12)
FNF:13
FNH:9
FNDA:1,(anonymous_0)
FNDA:1,(anonymous_1)
FNDA:0,(anonymous_2)
FNDA:1,(anonymous_3)
FNDA:1,(anonymous_4)
FNDA:0,(anonymous_5)
FNDA:1,(anonymous_6)
FNDA:1,(anonymous_7)
FNDA:0,(anonymous_8)
FNDA:1,(anonymous_9)
FNDA:1,(anonymous_10)
FNDA:0,(anonymous_11)
FNDA:1,(anonymous_12)
DA:1,1
DA:2,1
DA:3,1
DA:4,1
DA:5,1
DA:8,1
DA:9,1
DA:12,1
DA:13,1
DA:16,1
DA:33,1
DA:34,1
DA:53,1
DA:54,1
DA:55,1
DA:59,0
DA:121,1
DA:122,1
DA:130,1
DA:131,1
DA:132,1
DA:135,0
DA:137,0
DA:173,1
DA:174,1
DA:182,1
DA:186,1
DA:189,0
DA:217,1
DA:218,1
DA:220,1
DA:222,0
DA:235,1
DA:236,1
DA:237,0
DA:239,1
DA:242,1
LF:37
LH:31
BRDA:135,0,0,0
BRDA:135,0,1,0
BRDA:236,1,0,0
BRDA:236,1,1,1
BRF:4
BRH:1
end_of_record
