TN:
SF:booking.js
FN:23,(anonymous_0)
FN:62,(anonymous_1)
FN:63,(anonymous_2)
FN:66,(anonymous_3)
FN:92,(anonymous_4)
FN:96,(anonymous_5)
FN:108,(anonymous_6)
FN:119,(anonymous_7)
FN:140,(anonymous_8)
FN:169,(anonymous_9)
FN:170,(anonymous_10)
FN:179,(anonymous_11)
FNF:12
FNH:8
FNDA:1,(anonymous_0)
FNDA:1,(anonymous_1)
FNDA:1,(anonymous_2)
FNDA:0,(anonymous_3)
FNDA:1,(anonymous_4)
FNDA:1,(anonymous_5)
FNDA:0,(anonymous_6)
FNDA:0,(anonymous_7)
FNDA:0,(anonymous_8)
FNDA:1,(anonymous_9)
FNDA:1,(anonymous_10)
FNDA:1,(anonymous_11)
DA:1,1
DA:2,1
DA:3,1
DA:4,1
DA:6,1
DA:9,1
DA:10,1
DA:13,1
DA:14,1
DA:17,1
DA:19,1
DA:20,1
DA:23,1
DA:24,1
DA:28,1
DA:45,1
DA:46,1
DA:62,1
DA:63,1
DA:65,1
DA:67,0
DA:68,0
DA:92,1
DA:94,1
DA:95,1
DA:96,1
DA:98,1
DA:99,1
DA:104,1
DA:107,1
DA:109,0
DA:110,0
DA:117,1
DA:118,1
DA:119,1
DA:120,0
DA:121,0
DA:123,0
DA:139,0
DA:140,0
DA:141,0
DA:142,0
DA:143,0
DA:144,0
DA:169,1
DA:170,1
DA:171,1
DA:172,1
DA:179,1
DA:180,1
DA:181,0
DA:183,1
DA:186,1
LF:53
LH:39
BRDA:67,0,0,0
BRDA:67,0,1,0
BRDA:109,1,0,0
BRDA:109,1,1,0
BRDA:180,2,0,0
BRDA:180,2,1,1
BRF:6
BRH:1
end_of_record
TN:
SF:bookingDataModel.js
FNF:0
FNH:0
DA:1,1
DA:18,1
LF:2
LH:2
BRF:0
BRH:0
end_of_record
TN:
SF:sendEmail.js
FN:5,(anonymous_0)
FN:26,(anonymous_1)
FNF:2
FNH:0
FNDA:0,(anonymous_0)
FNDA:0,(anonymous_1)
DA:1,1
DA:3,1
DA:5,1
DA:6,0
DA:8,0
DA:17,0
DA:26,0
DA:27,0
DA:28,0
DA:29,0
DA:32,0
DA:35,0
DA:38,1
LF:13
LH:4
BRDA:27,0,0,0
BRDA:27,0,1,0
BRF:2
BRH:0
end_of_record
