TN:
SF:flight.js
FN:67,(anonymous_0)
FN:68,(anonymous_1)
FN:71,(anonymous_2)
FN:92,(anonymous_3)
FN:93,(anonymous_4)
FN:95,(anonymous_5)
FN:132,(anonymous_6)
FN:136,(anonymous_7)
FN:138,(anonymous_8)
FN:201,(anonymous_9)
FN:211,(anonymous_10)
FN:214,(anonymous_11)
FN:255,(anonymous_12)
FN:266,(anonymous_13)
FN:269,(anonymous_14)
FN:298,(anonymous_15)
FN:299,(anonymous_16)
FN:302,(anonymous_17)
FN:314,(anonymous_18)
FNF:19
FNH:13
FNDA:1,(anonymous_0)
FNDA:1,(anonymous_1)
FNDA:0,(anonymous_2)
FNDA:1,(anonymous_3)
FNDA:1,(anonymous_4)
FNDA:0,(anonymous_5)
FNDA:1,(anonymous_6)
FNDA:1,(anonymous_7)
FNDA:0,(anonymous_8)
FNDA:1,(anonymous_9)
FNDA:1,(anonymous_10)
FNDA:0,(anonymous_11)
FNDA:1,(anonymous_12)
FNDA:1,(anonymous_13)
FNDA:0,(anonymous_14)
FNDA:1,(anonymous_15)
FNDA:1,(anonymous_16)
FNDA:0,(anonymous_17)
FNDA:1,(anonymous_18)
DA:1,1
DA:2,1
DA:3,1
DA:4,1
DA:7,1
DA:8,1
DA:11,1
DA:12,1
DA:14,1
DA:16,1
DA:17,1
DA:20,1
DA:21,1
DA:24,1
DA:41,1
DA:42,1
DA:67,1
DA:68,1
DA:69,1
DA:72,0
DA:74,0
DA:92,1
DA:93,1
DA:94,1
DA:96,0
DA:98,0
DA:132,1
DA:133,1
DA:134,1
DA:136,1
DA:137,1
DA:139,0
DA:141,0
DA:201,1
DA:202,1
DA:210,1
DA:211,1
DA:212,1
DA:213,1
DA:215,0
DA:255,1
DA:257,1
DA:265,1
DA:267,1
DA:268,1
DA:270,0
DA:298,1
DA:299,1
DA:300,1
DA:301,1
DA:303,0
DA:314,1
DA:318,1
DA:321,1
LF:54
LH:45
BRDA:72,0,0,0
BRDA:72,0,1,0
BRDA:96,1,0,0
BRDA:96,1,1,0
BRDA:139,2,0,0
BRDA:139,2,1,0
BRF:6
BRH:0
end_of_record
TN:
SF:flightDataModel.js
FNF:0
FNH:0
DA:1,1
DA:3,1
LF:2
LH:2
BRF:0
BRH:0
end_of_record
